d:\tools\programming\my programs\university\vending-machine\eda projeto 1\debug\vc142.pdb
d:\tools\programming\my programs\university\vending-machine\eda projeto 1\debug\vc142.idb
d:\tools\programming\my programs\university\vending-machine\eda projeto 1\debug\slots.obj
d:\tools\programming\my programs\university\vending-machine\eda projeto 1\debug\products.obj
d:\tools\programming\my programs\university\vending-machine\eda projeto 1\debug\main.obj
d:\tools\programming\my programs\university\vending-machine\eda projeto 1\debug\vending_machine.obj
d:\tools\programming\my programs\university\vending-machine\eda projeto 1\debug\files.obj
d:\tools\programming\my programs\university\vending-machine\eda projeto 1\debug\vending_machine.new.obj.enc
d:\tools\programming\my programs\university\vending-machine\eda projeto 1\debug\eda projeto 1.tlog\cl.command.1.tlog
d:\tools\programming\my programs\university\vending-machine\eda projeto 1\debug\eda projeto 1.tlog\cl.read.1.tlog
d:\tools\programming\my programs\university\vending-machine\eda projeto 1\debug\eda projeto 1.tlog\cl.write.1.tlog
d:\tools\programming\my programs\university\vending-machine\eda projeto 1\debug\eda projeto 1.tlog\link.5808-cvtres.read.1.tlog
d:\tools\programming\my programs\university\vending-machine\eda projeto 1\debug\eda projeto 1.tlog\link.5808-cvtres.write.1.tlog
d:\tools\programming\my programs\university\vending-machine\eda projeto 1\debug\eda projeto 1.tlog\link.5808-rc.read.1.tlog
d:\tools\programming\my programs\university\vending-machine\eda projeto 1\debug\eda projeto 1.tlog\link.5808-rc.write.1.tlog
d:\tools\programming\my programs\university\vending-machine\eda projeto 1\debug\eda projeto 1.tlog\link.5808.read.1.tlog
d:\tools\programming\my programs\university\vending-machine\eda projeto 1\debug\eda projeto 1.tlog\link.5808.write.1.tlog
d:\tools\programming\my programs\university\vending-machine\eda projeto 1\debug\eda projeto 1.tlog\link.command.1.tlog
d:\tools\programming\my programs\university\vending-machine\eda projeto 1\debug\eda projeto 1.tlog\link.read.1.tlog
d:\tools\programming\my programs\university\vending-machine\eda projeto 1\debug\eda projeto 1.tlog\link.write.1.tlog
